[13424428] Message Incoming from node 1
Stored hash: 0000000000000000000000000000000000000000000000000000000000000000
Received hash: 0000000000000000000000000000000000000000000000000000000000000000
Checking block integrity...[92mHASH OK!
[0m[92mTimestamp check OK!
[0mSwitching from chain 0 to 1
Payload[32]: 4403000000000000000000000000000000000000000000000000000000000000
New block hash:0000000000000000000000000000000000000000000000000000000000000000
[14324437] Message Incoming from node 1
Stored hash: 0904877823b2eb87aa77cc0aaf54a28e96f9a63d7767d9e1ead7d4c70f8ca882
Received hash: 0904877823b2eb87aa77cc0aaf54a28e96f9a63d7767d9e1ead7d4c70f8ca882
Checking block integrity...[92mHASH OK!
[0m[92mTimestamp check OK!
[0mPayload[32]: 3803000000000000000000000000000000000000000000000000000000000000
New block hash:0904877823b2eb87aa77cc0aaf54a28e96f9a63d7767d9e1ead7d4c70f8ca882
[18172042] Message Incoming from node 1
Stored hash: 52cfedd099f03a7f4ff37d8fb0edf2567bc46453971b3b301cf16f3f638b570a
Received hash: 0000000000000000000000000000000000000000000000000000000000000000
Checking block integrity...[91mWRONG HASH :(
[0m[92mTimestamp check OK!
[0mSwitching from chain 1 to 3
Payload[32]: 4203000000000000000000000000000000000000000000000000000000000000
New block hash:4188122200ffff01003f6301005418056f380300000000000000000000000000
[23955103] Message Incoming from node 1
Stored hash: a5e5ea87561120534719ef187a7cd5fee85404b1868202bedce388d6c646991d
Received hash: 9783139938e07a30fcac9b3f7332d88cabff68197fd47c7eff34c1099168504b
Checking block integrity...[91mWRONG HASH :(
[0m[92mTimestamp check OK!
[0mSwitching from chain 3 to 255
[24855940] Message Incoming from node 1
Message refused [91m(CHAIN DENIED)[0m
[25756688] Message Incoming from node 1
Message refused [91m(CHAIN DENIED)[0m
