345247
345654
347308
349418
344272
347581
345175
345015
348420
343534
345543
349013
346146
343535
348280
346014
346881
345568
341821
349177
346009
345886
341631
347716
345731
346112
344485
343327
345847
347952
345770
348717
348716
344863
346915
344895
344826
348684
346610
345199
345980
343465
346911
344906
345501
343555
343054
345486
343011
343192
343061
344106
346238
345665
346539
344736
348739
345483
344267
344694
344602
346218
346359
345487
343551
346488
347435
344431
346926
344378
345826
344574
348333
346988
347324
346496
349795
344871
344785
346735
344503
347832
349529
346624
346868
349054
347453
343640
344317
342317
347284
342341
343182
342418
345938
344850
347111
343515
345185
345449
344573
348254
347911
347138
344840
342765
347761
345129
347085
348230
349744
345720
346802
342685
347080
346109
343982
346012
348370
344076
342844
343436
343488
345829
345304
